<?xml version="1.0" encoding="UTF-8"?>
<testsuite xmlns:xsi="http://www.w3.org/2001/XMLSchema-instance" xsi:noNamespaceSchemaLocation="https://maven.apache.org/surefire/maven-surefire-plugin/xsd/surefire-test-report-3.0.xsd" version="3.0" name="com.sapient.trg.pl.AppTest" time="0.036" tests="4" errors="0" skipped="0" failures="0">
  <properties>
[...]
</properties>
  <testcase name="testSquareForSuccess" classname="com.sapient.trg.pl.AppTest" time="0.022"/>
  <testcase name="testSquareForFailure" classname="com.sapient.trg.pl.AppTest" time="0.002"/>
  <testcase name="testCubeForSuccess" classname="com.sapient.trg.pl.AppTest" time="0"/>
  <testcase name="testCubeForFailure" classname="com.sapient.trg.pl.AppTest" time="0"/>
</testsuite>